[    11.783] (--) Log file renamed from "/home/jj/.local/share/xorg/Xorg.pid-950.log" to "/home/jj/.local/share/xorg/Xorg.0.log"
[    11.785] 
X.Org X Server 1.19.6
Release Date: 2017-12-20
[    11.785] X Protocol Version 11, Revision 0
[    11.785] Build Operating System: Linux 4.4.0-138-generic x86_64 Ubuntu
[    11.785] Current Operating System: Linux jj-VirtualBox 4.15.0-44-generic #47-Ubuntu SMP Mon Jan 14 11:26:59 UTC 2019 x86_64
[    11.785] Kernel command line: BOOT_IMAGE=/boot/vmlinuz-4.15.0-44-generic root=UUID=c27dfae0-f647-4f48-927c-64b666cb056a ro quiet splash
[    11.785] Build Date: 25 October 2018  04:11:27PM
[    11.785] xorg-server 2:1.19.6-1ubuntu4.2 (For technical support please see http://www.ubuntu.com/support) 
[    11.785] Current version of pixman: 0.34.0
[    11.785] 	Before reporting problems, check http://wiki.x.org
	to make sure that you have the latest version.
[    11.785] Markers: (--) probed, (**) from config file, (==) default setting,
	(++) from command line, (!!) notice, (II) informational,
	(WW) warning, (EE) error, (NI) not implemented, (??) unknown.
[    11.785] (==) Log file: "/home/jj/.local/share/xorg/Xorg.0.log", Time: Wed Jan 30 17:55:35 2019
[    11.786] (==) Using system config directory "/usr/share/X11/xorg.conf.d"
[    11.788] (==) No Layout section.  Using the first Screen section.
[    11.788] (==) No screen section available. Using defaults.
[    11.788] (**) |-->Screen "Default Screen Section" (0)
[    11.788] (**) |   |-->Monitor "<default monitor>"
[    11.789] (==) No monitor specified for screen "Default Screen Section".
	Using a default monitor configuration.
[    11.789] (==) Automatically adding devices
[    11.789] (==) Automatically enabling devices
[    11.789] (==) Automatically adding GPU devices
[    11.789] (==) Automatically binding GPU devices
[    11.789] (==) Max clients allowed: 256, resource mask: 0x1fffff
[    11.790] (WW) The directory "/usr/share/fonts/X11/cyrillic" does not exist.
[    11.790] 	Entry deleted from font path.
[    11.790] (WW) The directory "/usr/share/fonts/X11/100dpi/" does not exist.
[    11.790] 	Entry deleted from font path.
[    11.790] (WW) The directory "/usr/share/fonts/X11/75dpi/" does not exist.
[    11.790] 	Entry deleted from font path.
[    11.790] (WW) The directory "/usr/share/fonts/X11/100dpi" does not exist.
[    11.790] 	Entry deleted from font path.
[    11.790] (WW) The directory "/usr/share/fonts/X11/75dpi" does not exist.
[    11.790] 	Entry deleted from font path.
[    11.790] (==) FontPath set to:
	/usr/share/fonts/X11/misc,
	/usr/share/fonts/X11/Type1,
	built-ins
[    11.790] (==) ModulePath set to "/usr/lib/xorg/modules"
[    11.790] (II) The server relies on udev to provide the list of input devices.
	If no devices become available, reconfigure udev or disable AutoAddDevices.
[    11.790] (II) Loader magic: 0x563799f38020
[    11.790] (II) Module ABI versions:
[    11.790] 	X.Org ANSI C Emulation: 0.4
[    11.790] 	X.Org Video Driver: 23.0
[    11.790] 	X.Org XInput driver : 24.1
[    11.790] 	X.Org Server Extension : 10.0
[    11.791] (++) using VT number 1

[    11.794] (II) systemd-logind: took control of session /org/freedesktop/login1/session/_31
[    11.794] (II) xfree86: Adding drm device (/dev/dri/card0)
[    11.798] (II) systemd-logind: got fd for /dev/dri/card0 226:0 fd 12 paused 0
[    11.803] (--) PCI:*(0:0:2:0) 15ad:0405:15ad:0405 rev 0, Mem @ 0xf0000000/16777216, 0xf1000000/2097152, I/O @ 0x0000d010/16, BIOS @ 0x????????/131072
[    11.803] (II) LoadModule: "glx"
[    11.804] (II) Loading /usr/lib/xorg/modules/extensions/libglx.so
[    11.813] (II) Module glx: vendor="X.Org Foundation"
[    11.814] 	compiled for 1.19.6, module version = 1.0.0
[    11.814] 	ABI class: X.Org Server Extension, version 10.0
[    11.814] (==) Matched vmware as autoconfigured driver 0
[    11.814] (==) Matched vmware as autoconfigured driver 1
[    11.814] (==) Matched modesetting as autoconfigured driver 2
[    11.814] (==) Matched fbdev as autoconfigured driver 3
[    11.814] (==) Matched vesa as autoconfigured driver 4
[    11.814] (==) Assigned the driver to the xf86ConfigLayout
[    11.814] (II) LoadModule: "vmware"
[    11.815] (II) Loading /usr/lib/xorg/modules/drivers/vmware_drv.so
[    11.910] (II) Module vmware: vendor="X.Org Foundation"
[    11.910] 	compiled for 1.19.3, module version = 13.2.1
[    11.910] 	Module class: X.Org Video Driver
[    11.910] 	ABI class: X.Org Video Driver, version 23.0
[    11.910] (II) LoadModule: "modesetting"
[    11.910] (II) Loading /usr/lib/xorg/modules/drivers/modesetting_drv.so
[    11.911] (II) Module modesetting: vendor="X.Org Foundation"
[    11.911] 	compiled for 1.19.6, module version = 1.19.6
[    11.912] 	Module class: X.Org Video Driver
[    11.912] 	ABI class: X.Org Video Driver, version 23.0
[    11.912] (II) LoadModule: "fbdev"
[    11.912] (II) Loading /usr/lib/xorg/modules/drivers/fbdev_drv.so
[    11.913] (II) Module fbdev: vendor="X.Org Foundation"
[    11.913] 	compiled for 1.19.3, module version = 0.4.4
[    11.913] 	Module class: X.Org Video Driver
[    11.913] 	ABI class: X.Org Video Driver, version 23.0
[    11.913] (II) LoadModule: "vesa"
[    11.913] (II) Loading /usr/lib/xorg/modules/drivers/vesa_drv.so
[    11.914] (II) Module vesa: vendor="X.Org Foundation"
[    11.914] 	compiled for 1.19.3, module version = 2.3.4
[    11.914] 	Module class: X.Org Video Driver
[    11.914] 	ABI class: X.Org Video Driver, version 23.0
[    11.914] (II) vmware: driver for VMware SVGA: vmware0405, vmware0710
[    11.914] (II) modesetting: Driver for Modesetting Kernel Drivers: kms
[    11.915] (II) FBDEV: driver for framebuffer: fbdev
[    11.915] (II) VESA: driver for VESA chipsets: vesa
[    11.915] xf86EnableIOPorts: failed to set IOPL for I/O (Operation not permitted)
[    11.915] (WW) Falling back to old probe method for modesetting
[    11.915] (WW) Falling back to old probe method for fbdev
[    11.915] (II) Loading sub module "fbdevhw"
[    11.915] (II) LoadModule: "fbdevhw"
[    11.916] (II) Loading /usr/lib/xorg/modules/libfbdevhw.so
[    11.917] (II) Module fbdevhw: vendor="X.Org Foundation"
[    11.917] 	compiled for 1.19.6, module version = 0.0.2
[    11.917] 	ABI class: X.Org Video Driver, version 23.0
[    11.917] (EE) open /dev/fb0: Permission denied
[    11.917] (WW) Falling back to old probe method for vesa
[    11.917] (WW) VGA arbiter: cannot open kernel arbiter, no multi-card support
[    11.917] (II) vmware(0): Creating default Display subsection in Screen section
	"Default Screen Section" for depth/fbbpp 24/32
[    11.917] (--) vmware(0): DRM driver version is 2.14.0
[    11.917] (==) vmware(0): Depth 24, (--) framebuffer bpp 32
[    11.918] (==) vmware(0): RGB weight 888
[    11.918] (==) vmware(0): Default visual is TrueColor
[    11.918] (--) vmware(0): Min width 1, Max Width 8192.
[    11.918] (--) vmware(0): Min height 1, Max Height 8192.
[    11.918] (II) vmware(0): Output Virtual1 has no monitor section
[    11.918] (II) vmware(0): Output Virtual2 has no monitor section
[    11.918] (II) vmware(0): Output Virtual3 has no monitor section
[    11.919] (II) vmware(0): Output Virtual4 has no monitor section
[    11.919] (II) vmware(0): Output Virtual5 has no monitor section
[    11.919] (II) vmware(0): Output Virtual6 has no monitor section
[    11.919] (II) vmware(0): Output Virtual7 has no monitor section
[    11.919] (II) vmware(0): Output Virtual8 has no monitor section
[    11.919] (II) vmware(0): Printing probed modes for output Virtual1
[    11.919] (II) vmware(0): Modeline "2560x1600"x60.0  348.50  2560 2752 3032 3504  1600 1603 1609 1658 -hsync +vsync (99.5 kHz e)
[    11.919] (II) vmware(0): Modeline "1920x1440"x60.0  234.00  1920 2048 2256 2600  1440 1441 1444 1500 -hsync +vsync (90.0 kHz e)
[    11.919] (II) vmware(0): Modeline "1856x1392"x60.0  218.25  1856 1952 2176 2528  1392 1393 1396 1439 -hsync +vsync (86.3 kHz e)
[    11.919] (II) vmware(0): Modeline "1792x1344"x60.0  204.75  1792 1920 2120 2448  1344 1345 1348 1394 -hsync +vsync (83.6 kHz e)
[    11.920] (II) vmware(0): Modeline "1920x1200"x59.9  193.25  1920 2056 2256 2592  1200 1203 1209 1245 -hsync +vsync (74.6 kHz e)
[    11.920] (II) vmware(0): Modeline "1600x1200"x60.0  162.00  1600 1664 1856 2160  1200 1201 1204 1250 +hsync +vsync (75.0 kHz e)
[    11.920] (II) vmware(0): Modeline "1680x1050"x60.0  146.25  1680 1784 1960 2240  1050 1053 1059 1089 -hsync +vsync (65.3 kHz e)
[    11.920] (II) vmware(0): Modeline "1400x1050"x60.0  121.75  1400 1488 1632 1864  1050 1053 1057 1089 -hsync +vsync (65.3 kHz e)
[    11.920] (II) vmware(0): Modeline "1280x1024"x60.0  108.00  1280 1328 1440 1688  1024 1025 1028 1066 +hsync +vsync (64.0 kHz e)
[    11.920] (II) vmware(0): Modeline "1440x900"x59.9  106.50  1440 1520 1672 1904  900 903 909 934 -hsync +vsync (55.9 kHz e)
[    11.920] (II) vmware(0): Modeline "1280x960"x60.0  108.00  1280 1376 1488 1800  960 961 964 1000 +hsync +vsync (60.0 kHz e)
[    11.920] (II) vmware(0): Modeline "1360x768"x60.0   85.50  1360 1424 1536 1792  768 771 777 795 +hsync +vsync (47.7 kHz e)
[    11.920] (II) vmware(0): Modeline "1280x800"x59.8   83.50  1280 1352 1480 1680  800 803 809 831 +hsync -vsync (49.7 kHz e)
[    11.920] (II) vmware(0): Modeline "1152x864"x75.0  108.00  1152 1216 1344 1600  864 865 868 900 +hsync +vsync (67.5 kHz e)
[    11.920] (II) vmware(0): Modeline "1280x768"x59.9   79.50  1280 1344 1472 1664  768 771 778 798 -hsync +vsync (47.8 kHz e)
[    11.921] (II) vmware(0): Modeline "1024x768"x60.0   65.00  1024 1048 1184 1344  768 771 777 806 -hsync -vsync (48.4 kHz e)
[    11.921] (II) vmware(0): Modeline "800x600"x60.3   40.00  800 840 968 1056  600 601 605 628 +hsync +vsync (37.9 kHz e)
[    11.921] (II) vmware(0): Modeline "640x480"x59.9   25.18  640 656 752 800  480 489 492 525 -hsync -vsync (31.5 kHz e)
[    11.921] (II) vmware(0): EDID for output Virtual2
[    11.921] (II) vmware(0): EDID for output Virtual3
[    11.921] (II) vmware(0): EDID for output Virtual4
[    11.921] (II) vmware(0): EDID for output Virtual5
[    11.921] (II) vmware(0): EDID for output Virtual6
[    11.921] (II) vmware(0): EDID for output Virtual7
[    11.921] (II) vmware(0): EDID for output Virtual8
[    11.922] (II) vmware(0): Output Virtual1 connected
[    11.922] (II) vmware(0): Output Virtual2 disconnected
[    11.922] (II) vmware(0): Output Virtual3 disconnected
[    11.922] (II) vmware(0): Output Virtual4 disconnected
[    11.922] (II) vmware(0): Output Virtual5 disconnected
[    11.922] (II) vmware(0): Output Virtual6 disconnected
[    11.922] (II) vmware(0): Output Virtual7 disconnected
[    11.922] (II) vmware(0): Output Virtual8 disconnected
[    11.922] (II) vmware(0): Using exact sizes for initial modes
[    11.922] (II) vmware(0): Output Virtual1 using initial mode 1920x1440 +0+0
[    11.922] (==) vmware(0): DPI set to (96, 96)
[    11.922] (==) vmware(0): Using gamma correction (1.0, 1.0, 1.0)
[    11.923] (II) Loading sub module "fb"
[    11.923] (II) LoadModule: "fb"
[    11.923] (II) Loading /usr/lib/xorg/modules/libfb.so
[    11.925] (II) Module fb: vendor="X.Org Foundation"
[    11.925] 	compiled for 1.19.6, module version = 1.0.0
[    11.925] 	ABI class: X.Org ANSI C Emulation, version 0.4
[    11.925] (II) Loading sub module "dri2"
[    11.925] (II) LoadModule: "dri2"
[    11.925] (II) Module "dri2" already built-in
[    11.926] (II) UnloadModule: "modesetting"
[    11.926] (II) Unloading modesetting
[    11.926] (II) UnloadModule: "fbdev"
[    11.926] (II) Unloading fbdev
[    11.926] (II) UnloadSubModule: "fbdevhw"
[    11.926] (II) Unloading fbdevhw
[    11.926] (II) UnloadModule: "vesa"
[    11.926] (II) Unloading vesa
[    11.927] (==) Depth 24 pixmap format is 32 bpp
[    11.928] (II) vmware(0): Initialized VMWARE_CTRL extension version 0.2
[    11.931] (WW) vmware(0): Failed to initialize Gallium3D Xa. No render acceleration available.
[    11.932] (WW) vmware(0): Skipped initialization of direct rendering due to lack of render acceleration.
[    11.932] (--) vmware(0): Render acceleration is disabled.
[    11.932] (==) vmware(0): Rendercheck mode is disabled.
[    11.932] (--) vmware(0): Direct rendering (3D) is disabled.
[    11.932] (==) vmware(0): Backing store enabled
[    11.932] (==) vmware(0): Silken mouse enabled
[    11.933] (II) vmware(0): RandR 1.2 enabled, ignore the following RandR disabled message.
[    11.934] (==) vmware(0): DPMS enabled
[    11.934] (II) vmware(0): No 3D acceleration. Not setting up textured video.
[    11.934] (WW) vmware(0): Disabling Xv because no adaptors could be initialized.
[    11.934] (--) RandR disabled
[    11.937] (II) SELinux: Disabled on system
[    11.937] (II) AIGLX: Screen 0 is not DRI2 capable
[    11.937] (EE) AIGLX: reverting to software rendering
[    11.966] (II) IGLX: enabled GLX_MESA_copy_sub_buffer
[    11.967] (II) IGLX: Loaded and initialized swrast
[    11.967] (II) GLX: Initialized DRISWRAST GL provider for screen 0
[    11.971] (II) vmware(0): Setting screen physical size to 508 x 381
[    12.030] (II) config/udev: Adding input device Power Button (/dev/input/event0)
[    12.030] (**) Power Button: Applying InputClass "libinput keyboard catchall"
[    12.030] (II) LoadModule: "libinput"
[    12.030] (II) Loading /usr/lib/xorg/modules/input/libinput_drv.so
[    12.037] (II) Module libinput: vendor="X.Org Foundation"
[    12.037] 	compiled for 1.19.6, module version = 0.27.1
[    12.037] 	Module class: X.Org XInput Driver
[    12.038] 	ABI class: X.Org XInput driver, version 24.1
[    12.038] (II) Using input driver 'libinput' for 'Power Button'
[    12.040] (II) systemd-logind: got fd for /dev/input/event0 13:64 fd 20 paused 0
[    12.040] (**) Power Button: always reports core events
[    12.040] (**) Option "Device" "/dev/input/event0"
[    12.040] (**) Option "_source" "server/udev"
[    12.041] (II) event0  - Power Button: is tagged by udev as: Keyboard
[    12.041] (II) event0  - Power Button: device is a keyboard
[    12.041] (II) event0  - Power Button: device removed
[    12.041] (**) Option "config_info" "udev:/sys/devices/LNXSYSTM:00/LNXPWRBN:00/input/input0/event0"
[    12.041] (II) XINPUT: Adding extended input device "Power Button" (type: KEYBOARD, id 6)
[    12.041] (**) Option "xkb_model" "pc105"
[    12.041] (**) Option "xkb_layout" "us"
[    12.043] (II) event0  - Power Button: is tagged by udev as: Keyboard
[    12.043] (II) event0  - Power Button: device is a keyboard
[    12.043] (II) config/udev: Adding input device Sleep Button (/dev/input/event1)
[    12.043] (**) Sleep Button: Applying InputClass "libinput keyboard catchall"
[    12.043] (II) Using input driver 'libinput' for 'Sleep Button'
[    12.045] (II) systemd-logind: got fd for /dev/input/event1 13:65 fd 23 paused 0
[    12.045] (**) Sleep Button: always reports core events
[    12.045] (**) Option "Device" "/dev/input/event1"
[    12.045] (**) Option "_source" "server/udev"
[    12.046] (II) event1  - Sleep Button: is tagged by udev as: Keyboard
[    12.046] (II) event1  - Sleep Button: device is a keyboard
[    12.046] (II) event1  - Sleep Button: device removed
[    12.046] (**) Option "config_info" "udev:/sys/devices/LNXSYSTM:00/LNXSLPBN:00/input/input1/event1"
[    12.046] (II) XINPUT: Adding extended input device "Sleep Button" (type: KEYBOARD, id 7)
[    12.046] (**) Option "xkb_model" "pc105"
[    12.046] (**) Option "xkb_layout" "us"
[    12.047] (II) event1  - Sleep Button: is tagged by udev as: Keyboard
[    12.047] (II) event1  - Sleep Button: device is a keyboard
[    12.048] (II) config/udev: Adding input device Video Bus (/dev/input/event3)
[    12.048] (**) Video Bus: Applying InputClass "libinput keyboard catchall"
[    12.048] (II) Using input driver 'libinput' for 'Video Bus'
[    12.051] (II) systemd-logind: got fd for /dev/input/event3 13:67 fd 24 paused 0
[    12.051] (**) Video Bus: always reports core events
[    12.051] (**) Option "Device" "/dev/input/event3"
[    12.051] (**) Option "_source" "server/udev"
[    12.052] (II) event3  - Video Bus: is tagged by udev as: Keyboard
[    12.052] (II) event3  - Video Bus: device is a keyboard
[    12.053] (II) event3  - Video Bus: device removed
[    12.053] (**) Option "config_info" "udev:/sys/devices/LNXSYSTM:00/LNXSYBUS:00/PNP0A03:00/LNXVIDEO:00/input/input4/event3"
[    12.053] (II) XINPUT: Adding extended input device "Video Bus" (type: KEYBOARD, id 8)
[    12.053] (**) Option "xkb_model" "pc105"
[    12.053] (**) Option "xkb_layout" "us"
[    12.054] (II) event3  - Video Bus: is tagged by udev as: Keyboard
[    12.054] (II) event3  - Video Bus: device is a keyboard
[    12.054] (II) config/udev: Adding input device VirtualBox mouse integration (/dev/input/event6)
[    12.055] (**) VirtualBox mouse integration: Applying InputClass "libinput pointer catchall"
[    12.055] (II) Using input driver 'libinput' for 'VirtualBox mouse integration'
[    12.058] (II) systemd-logind: got fd for /dev/input/event6 13:70 fd 25 paused 0
[    12.058] (**) VirtualBox mouse integration: always reports core events
[    12.058] (**) Option "Device" "/dev/input/event6"
[    12.058] (**) Option "_source" "server/udev"
[    12.059] (II) event6  - VirtualBox mouse integration: is tagged by udev as: Mouse
[    12.059] (II) event6  - VirtualBox mouse integration: device is a pointer
[    12.059] (II) event6  - VirtualBox mouse integration: device removed
[    12.059] (**) Option "config_info" "udev:/sys/devices/pci0000:00/0000:00:04.0/input/input7/event6"
[    12.059] (II) XINPUT: Adding extended input device "VirtualBox mouse integration" (type: MOUSE, id 9)
[    12.059] (**) Option "AccelerationScheme" "none"
[    12.060] (**) VirtualBox mouse integration: (accel) selected scheme none/0
[    12.060] (**) VirtualBox mouse integration: (accel) acceleration factor: 2.000
[    12.060] (**) VirtualBox mouse integration: (accel) acceleration threshold: 4
[    12.060] (II) event6  - VirtualBox mouse integration: is tagged by udev as: Mouse
[    12.060] (II) event6  - VirtualBox mouse integration: device is a pointer
[    12.061] (II) config/udev: Adding input device VirtualBox mouse integration (/dev/input/js1)
[    12.061] (II) No input driver specified, ignoring this device.
[    12.061] (II) This device may have been added with another device file.
[    12.061] (II) config/udev: Adding input device VirtualBox USB Tablet (/dev/input/event5)
[    12.061] (**) VirtualBox USB Tablet: Applying InputClass "libinput pointer catchall"
[    12.062] (II) Using input driver 'libinput' for 'VirtualBox USB Tablet'
[    12.122] (II) systemd-logind: got fd for /dev/input/event5 13:69 fd 26 paused 0
[    12.123] (**) VirtualBox USB Tablet: always reports core events
[    12.123] (**) Option "Device" "/dev/input/event5"
[    12.123] (**) Option "_source" "server/udev"
[    12.124] (II) event5  - VirtualBox USB Tablet: is tagged by udev as: Mouse
[    12.124] (II) event5  - VirtualBox USB Tablet: device is a pointer
[    12.124] (II) event5  - VirtualBox USB Tablet: device removed
[    12.124] (**) Option "config_info" "udev:/sys/devices/pci0000:00/0000:00:06.0/usb1/1-1/1-1:1.0/0003:80EE:0021.0001/input/input6/event5"
[    12.124] (II) XINPUT: Adding extended input device "VirtualBox USB Tablet" (type: MOUSE, id 10)
[    12.125] (**) Option "AccelerationScheme" "none"
[    12.125] (**) VirtualBox USB Tablet: (accel) selected scheme none/0
[    12.125] (**) VirtualBox USB Tablet: (accel) acceleration factor: 2.000
[    12.125] (**) VirtualBox USB Tablet: (accel) acceleration threshold: 4
[    12.126] (II) event5  - VirtualBox USB Tablet: is tagged by udev as: Mouse
[    12.126] (II) event5  - VirtualBox USB Tablet: device is a pointer
[    12.126] (II) config/udev: Adding input device VirtualBox USB Tablet (/dev/input/js0)
[    12.127] (II) No input driver specified, ignoring this device.
[    12.127] (II) This device may have been added with another device file.
[    12.127] (II) config/udev: Adding input device VirtualBox USB Tablet (/dev/input/mouse1)
[    12.127] (II) No input driver specified, ignoring this device.
[    12.127] (II) This device may have been added with another device file.
[    12.128] (II) config/udev: Adding input device AT Translated Set 2 keyboard (/dev/input/event2)
[    12.128] (**) AT Translated Set 2 keyboard: Applying InputClass "libinput keyboard catchall"
[    12.128] (II) Using input driver 'libinput' for 'AT Translated Set 2 keyboard'
[    12.130] (II) systemd-logind: got fd for /dev/input/event2 13:66 fd 27 paused 0
[    12.130] (**) AT Translated Set 2 keyboard: always reports core events
[    12.130] (**) Option "Device" "/dev/input/event2"
[    12.130] (**) Option "_source" "server/udev"
[    12.131] (II) event2  - AT Translated Set 2 keyboard: is tagged by udev as: Keyboard
[    12.131] (II) event2  - AT Translated Set 2 keyboard: device is a keyboard
[    12.131] (II) event2  - AT Translated Set 2 keyboard: device removed
[    12.131] (**) Option "config_info" "udev:/sys/devices/platform/i8042/serio0/input/input2/event2"
[    12.131] (II) XINPUT: Adding extended input device "AT Translated Set 2 keyboard" (type: KEYBOARD, id 11)
[    12.131] (**) Option "xkb_model" "pc105"
[    12.131] (**) Option "xkb_layout" "us"
[    12.132] (II) event2  - AT Translated Set 2 keyboard: is tagged by udev as: Keyboard
[    12.132] (II) event2  - AT Translated Set 2 keyboard: device is a keyboard
[    12.133] (II) config/udev: Adding input device ImExPS/2 Generic Explorer Mouse (/dev/input/event4)
[    12.133] (**) ImExPS/2 Generic Explorer Mouse: Applying InputClass "libinput pointer catchall"
[    12.133] (II) Using input driver 'libinput' for 'ImExPS/2 Generic Explorer Mouse'
[    12.134] (II) systemd-logind: got fd for /dev/input/event4 13:68 fd 28 paused 0
[    12.134] (**) ImExPS/2 Generic Explorer Mouse: always reports core events
[    12.134] (**) Option "Device" "/dev/input/event4"
[    12.134] (**) Option "_source" "server/udev"
[    12.135] (II) event4  - ImExPS/2 Generic Explorer Mouse: is tagged by udev as: Mouse
[    12.135] (II) event4  - ImExPS/2 Generic Explorer Mouse: device is a pointer
[    12.135] (II) event4  - ImExPS/2 Generic Explorer Mouse: device removed
[    12.135] (**) Option "config_info" "udev:/sys/devices/platform/i8042/serio1/input/input5/event4"
[    12.135] (II) XINPUT: Adding extended input device "ImExPS/2 Generic Explorer Mouse" (type: MOUSE, id 12)
[    12.136] (**) Option "AccelerationScheme" "none"
[    12.136] (**) ImExPS/2 Generic Explorer Mouse: (accel) selected scheme none/0
[    12.136] (**) ImExPS/2 Generic Explorer Mouse: (accel) acceleration factor: 2.000
[    12.136] (**) ImExPS/2 Generic Explorer Mouse: (accel) acceleration threshold: 4
[    12.137] (II) event4  - ImExPS/2 Generic Explorer Mouse: is tagged by udev as: Mouse
[    12.137] (II) event4  - ImExPS/2 Generic Explorer Mouse: device is a pointer
[    12.137] (II) config/udev: Adding input device ImExPS/2 Generic Explorer Mouse (/dev/input/mouse0)
[    12.137] (II) No input driver specified, ignoring this device.
[    12.138] (II) This device may have been added with another device file.
[    13.239] (EE) No surface to present from.
